# JRE version: OpenJDK Runtime Environment (8.0_151-b12) (build 1.8.0_151-8u151-b12-0ubuntu0.17.10.2-b12)
# Java VM: OpenJDK 64-Bit Server VM (25.151-b12 mixed mode linux-amd64 compressed oops)
Heap:
 PSYoungGen      total 122880K, used 8183K [0x00000000ee580000, 0x00000000f6580000, 0x0000000100000000)
  eden space 114688K, 0% used [0x00000000ee580000,0x00000000ee580000,0x00000000f5580000)
  from space 8192K, 99% used [0x00000000f5580000,0x00000000f5d7ddd0,0x00000000f5d80000)
  to   space 7680K, 0% used [0x00000000f5e00000,0x00000000f5e00000,0x00000000f6580000)
 ParOldGen       total 41472K, used 15943K [0x00000000cb000000, 0x00000000cd880000, 0x00000000ee580000)
  object space 41472K, 38% used [0x00000000cb000000,0x00000000cbf91ca0,0x00000000cd880000)
 Metaspace       used 28936K, capacity 29634K, committed 29824K, reserved 1075200K
  class space    used 3394K, capacity 3670K, committed 3712K, reserved 1048576K
GC Heap History (10 events):
Event: 2,354 GC heap after
Heap after GC invocations=3 (full 0):
 PSYoungGen      total 30720K, used 2032K [0x00000000ee580000, 0x00000000f2180000, 0x0000000100000000)
  eden space 28672K, 0% used [0x00000000ee580000,0x00000000ee580000,0x00000000f0180000)
  from space 2048K, 99% used [0x00000000f0180000,0x00000000f037c010,0x00000000f0380000)
  to   space 2048K, 0% used [0x00000000f1f80000,0x00000000f1f80000,0x00000000f2180000)
 ParOldGen       total 36864K, used 5327K [0x00000000cb000000, 0x00000000cd400000, 0x00000000ee580000)
  object space 36864K, 14% used [0x00000000cb000000,0x00000000cb533fc8,0x00000000cd400000)
 Metaspace       used 10673K, capacity 10878K, committed 11008K, reserved 1058816K
  class space    used 1304K, capacity 1411K, committed 1536K, reserved 1048576K
}
Event: 4,394 GC heap before
{Heap before GC invocations=4 (full 0):
 PSYoungGen      total 30720K, used 30704K [0x00000000ee580000, 0x00000000f2180000, 0x0000000100000000)
  eden space 28672K, 100% used [0x00000000ee580000,0x00000000f0180000,0x00000000f0180000)
  from space 2048K, 99% used [0x00000000f0180000,0x00000000f037c010,0x00000000f0380000)
  to   space 2048K, 0% used [0x00000000f1f80000,0x00000000f1f80000,0x00000000f2180000)
 ParOldGen       total 36864K, used 5327K [0x00000000cb000000, 0x00000000cd400000, 0x00000000ee580000)
  object space 36864K, 14% used [0x00000000cb000000,0x00000000cb533fc8,0x00000000cd400000)
 Metaspace       used 14584K, capacity 14780K, committed 14976K, reserved 1062912K
  class space    used 1755K, capacity 1842K, committed 1920K, reserved 1048576K
Event: 4,432 GC heap after
Heap after GC invocations=4 (full 0):
 PSYoungGen      total 59392K, used 2032K [0x00000000ee580000, 0x00000000f2180000, 0x0000000100000000)
  eden space 57344K, 0% used [0x00000000ee580000,0x00000000ee580000,0x00000000f1d80000)
  from space 2048K, 99% used [0x00000000f1f80000,0x00000000f217c010,0x00000000f2180000)
  to   space 2048K, 0% used [0x00000000f1d80000,0x00000000f1d80000,0x00000000f1f80000)
 ParOldGen       total 36864K, used 9925K [0x00000000cb000000, 0x00000000cd400000, 0x00000000ee580000)
  object space 36864K, 26% used [0x00000000cb000000,0x00000000cb9b17f8,0x00000000cd400000)
 Metaspace       used 14584K, capacity 14780K, committed 14976K, reserved 1062912K
  class space    used 1755K, capacity 1842K, committed 1920K, reserved 1048576K
}
Event: 6,596 GC heap before
{Heap before GC invocations=5 (full 0):
 PSYoungGen      total 59392K, used 59376K [0x00000000ee580000, 0x00000000f2180000, 0x0000000100000000)
  eden space 57344K, 100% used [0x00000000ee580000,0x00000000f1d80000,0x00000000f1d80000)
  from space 2048K, 99% used [0x00000000f1f80000,0x00000000f217c010,0x00000000f2180000)
  to   space 2048K, 0% used [0x00000000f1d80000,0x00000000f1d80000,0x00000000f1f80000)
 ParOldGen       total 36864K, used 9925K [0x00000000cb000000, 0x00000000cd400000, 0x00000000ee580000)
  object space 36864K, 26% used [0x00000000cb000000,0x00000000cb9b17f8,0x00000000cd400000)
 Metaspace       used 15876K, capacity 16216K, committed 16384K, reserved 1062912K
  class space    used 1870K, capacity 2016K, committed 2048K, reserved 1048576K
Event: 6,626 GC heap after
Heap after GC invocations=5 (full 0):
 PSYoungGen      total 59392K, used 2032K [0x00000000ee580000, 0x00000000f6680000, 0x0000000100000000)
  eden space 57344K, 0% used [0x00000000ee580000,0x00000000ee580000,0x00000000f1d80000)
  from space 2048K, 99% used [0x00000000f1d80000,0x00000000f1f7c010,0x00000000f1f80000)
  to   space 8704K, 0% used [0x00000000f5e00000,0x00000000f5e00000,0x00000000f6680000)
 ParOldGen       total 36864K, used 14183K [0x00000000cb000000, 0x00000000cd400000, 0x00000000ee580000)
  object space 36864K, 38% used [0x00000000cb000000,0x00000000cbdd9e40,0x00000000cd400000)
 Metaspace       used 15876K, capacity 16216K, committed 16384K, reserved 1062912K
  class space    used 1870K, capacity 2016K, committed 2048K, reserved 1048576K
}
Event: 7,708 GC heap before
{Heap before GC invocations=6 (full 0):
 PSYoungGen      total 59392K, used 26090K [0x00000000ee580000, 0x00000000f6680000, 0x0000000100000000)
  eden space 57344K, 41% used [0x00000000ee580000,0x00000000efcfe838,0x00000000f1d80000)
  from space 2048K, 99% used [0x00000000f1d80000,0x00000000f1f7c010,0x00000000f1f80000)
  to   space 8704K, 0% used [0x00000000f5e00000,0x00000000f5e00000,0x00000000f6680000)
 ParOldGen       total 36864K, used 14183K [0x00000000cb000000, 0x00000000cd400000, 0x00000000ee580000)
  object space 36864K, 38% used [0x00000000cb000000,0x00000000cbdd9e40,0x00000000cd400000)
 Metaspace       used 20746K, capacity 21104K, committed 21296K, reserved 1069056K
  class space    used 2450K, capacity 2600K, committed 2688K, reserved 1048576K
Event: 7,730 GC heap after
Heap after GC invocations=6 (full 0):
 PSYoungGen      total 122368K, used 5585K [0x00000000ee580000, 0x00000000f6580000, 0x0000000100000000)
  eden space 114688K, 0% used [0x00000000ee580000,0x00000000ee580000,0x00000000f5580000)
  from space 7680K, 72% used [0x00000000f5e00000,0x00000000f63744e0,0x00000000f6580000)
  to   space 8192K, 0% used [0x00000000f5580000,0x00000000f5580000,0x00000000f5d80000)
 ParOldGen       total 36864K, used 14191K [0x00000000cb000000, 0x00000000cd400000, 0x00000000ee580000)
  object space 36864K, 38% used [0x00000000cb000000,0x00000000cbddbe40,0x00000000cd400000)
 Metaspace       used 20746K, capacity 21104K, committed 21296K, reserved 1069056K
  class space    used 2450K, capacity 2600K, committed 2688K, reserved 1048576K
}
Event: 7,730 GC heap before
{Heap before GC invocations=7 (full 1):
 PSYoungGen      total 122368K, used 5585K [0x00000000ee580000, 0x00000000f6580000, 0x0000000100000000)
  eden space 114688K, 0% used [0x00000000ee580000,0x00000000ee580000,0x00000000f5580000)
  from space 7680K, 72% used [0x00000000f5e00000,0x00000000f63744e0,0x00000000f6580000)
  to   space 8192K, 0% used [0x00000000f5580000,0x00000000f5580000,0x00000000f5d80000)
 ParOldGen       total 36864K, used 14191K [0x00000000cb000000, 0x00000000cd400000, 0x00000000ee580000)
  object space 36864K, 38% used [0x00000000cb000000,0x00000000cbddbe40,0x00000000cd400000)
 Metaspace       used 20746K, capacity 21104K, committed 21296K, reserved 1069056K
  class space    used 2450K, capacity 2600K, committed 2688K, reserved 1048576K
Event: 7,830 GC heap after
Heap after GC invocations=7 (full 1):
 PSYoungGen      total 122368K, used 0K [0x00000000ee580000, 0x00000000f6580000, 0x0000000100000000)
  eden space 114688K, 0% used [0x00000000ee580000,0x00000000ee580000,0x00000000f5580000)
  from space 7680K, 0% used [0x00000000f5e00000,0x00000000f5e00000,0x00000000f6580000)
  to   space 8192K, 0% used [0x00000000f5580000,0x00000000f5580000,0x00000000f5d80000)
 ParOldGen       total 41472K, used 13952K [0x00000000cb000000, 0x00000000cd880000, 0x00000000ee580000)
  object space 41472K, 33% used [0x00000000cb000000,0x00000000cbda0140,0x00000000cd880000)
 Metaspace       used 20746K, capacity 21104K, committed 21296K, reserved 1069056K
  class space    used 2450K, capacity 2600K, committed 2688K, reserved 1048576K
}
Event: 13,035 GC heap before
{Heap before GC invocations=8 (full 1):
 PSYoungGen      total 122368K, used 114688K [0x00000000ee580000, 0x00000000f6580000, 0x0000000100000000)
  eden space 114688K, 100% used [0x00000000ee580000,0x00000000f5580000,0x00000000f5580000)
  from space 7680K, 0% used [0x00000000f5e00000,0x00000000f5e00000,0x00000000f6580000)
  to   space 8192K, 0% used [0x00000000f5580000,0x00000000f5580000,0x00000000f5d80000)
 ParOldGen       total 41472K, used 13952K [0x00000000cb000000, 0x00000000cd880000, 0x00000000ee580000)
  object space 41472K, 33% used [0x00000000cb000000,0x00000000cbda0140,0x00000000cd880000)
 Metaspace       used 28936K, capacity 29634K, committed 29824K, reserved 1075200K
  class space    used 3394K, capacity 3670K, committed 3712K, reserved 1048576K

